# JRE version: OpenJDK Runtime Environment Microsoft-11933218 (21.0.8+9) (build 21.0.8+9-LTS)
# Java VM: OpenJDK 64-Bit Server VM Microsoft-11933218 (21.0.8+9-LTS, mixed mode, sharing, tiered, compressed oops, compressed class ptrs, g1 gc, windows-amd64)
GC Precious Log:
 CardTable entry size: 512
 Card Set container configuration: InlinePtr #cards 5 size 8 Array Of Cards #cards 12 size 40 Howl #buckets 4 coarsen threshold 1843 Howl Bitmap #cards 512 size 80 coarsen threshold 460 Card regions per heap region 1 cards per card region 2048
 CPUs: 8 total, 8 available
 Memory: 5877M
 Large Page Support: Disabled
 NUMA Support: Disabled
 Compressed Oops: Enabled (32-bit)
 Heap Region Size: 1M
 Heap Min Capacity: 8M
 Heap Initial Capacity: 92M
 Heap Max Capacity: 1470M
 Pre-touch: Disabled
 Parallel Workers: 8
 Concurrent Workers: 2
 Concurrent Refinement Workers: 8
 Periodic GC: Disabled
Heap:
 garbage-first heap   total 94208K, used 41349K [0x00000000a4200000, 0x0000000100000000)
  region size 1024K, 6 young (6144K), 1 survivors (1024K)
 Metaspace       used 21476K, committed 21824K, reserved 1114112K
  class space    used 2339K, committed 2496K, reserved 1048576K
GC Heap History (6 events):
Event: 5.136 GC heap before
{Heap before GC invocations=0 (full 0):
 garbage-first heap   total 94208K, used 29696K [0x00000000a4200000, 0x0000000100000000)
  region size 1024K, 23 young (23552K), 0 survivors (0K)
 Metaspace       used 13393K, committed 13632K, reserved 1114112K
  class space    used 1494K, committed 1600K, reserved 1048576K
}
Event: 5.142 GC heap after
{Heap after GC invocations=1 (full 0):
 garbage-first heap   total 94208K, used 10272K [0x00000000a4200000, 0x0000000100000000)
  region size 1024K, 3 young (3072K), 3 survivors (3072K)
 Metaspace       used 13393K, committed 13632K, reserved 1114112K
  class space    used 1494K, committed 1600K, reserved 1048576K
}
Event: 16.663 GC heap before
{Heap before GC invocations=1 (full 0):
 garbage-first heap   total 94208K, used 63520K [0x00000000a4200000, 0x0000000100000000)
  region size 1024K, 33 young (33792K), 3 survivors (3072K)
 Metaspace       used 19077K, committed 19328K, reserved 1114112K
  class space    used 2043K, committed 2176K, reserved 1048576K
}
Event: 16.705 GC heap after
{Heap after GC invocations=2 (full 0):
 garbage-first heap   total 94208K, used 37515K [0x00000000a4200000, 0x0000000100000000)
  region size 1024K, 4 young (4096K), 4 survivors (4096K)
 Metaspace       used 19077K, committed 19328K, reserved 1114112K
  class space    used 2043K, committed 2176K, reserved 1048576K
}
Event: 17.356 GC heap before
{Heap before GC invocations=2 (full 0):
 garbage-first heap   total 94208K, used 40587K [0x00000000a4200000, 0x0000000100000000)
  region size 1024K, 8 young (8192K), 4 survivors (4096K)
 Metaspace       used 21165K, committed 21504K, reserved 1114112K
  class space    used 2297K, committed 2496K, reserved 1048576K
}
Event: 17.400 GC heap after
{Heap after GC invocations=3 (full 0):
 garbage-first heap   total 94208K, used 38277K [0x00000000a4200000, 0x0000000100000000)
  region size 1024K, 1 young (1024K), 1 survivors (1024K)
 Metaspace       used 21165K, committed 21504K, reserved 1114112K
  class space    used 2297K, committed 2496K, reserved 1048576K
}

